\BOOKMARK [1][-]{section.1}{\376\377\000I\000n\000t\000r\000o\000d\000u\000c\000e\000r\000e}{}% 1
\BOOKMARK [2][-]{subsection.1.1}{\376\377\000C\000o\000n\000t\000e\000x\000t\000u\000l\000\040\002\031\000i\000\040\000I\000m\000p\000o\000r\000t\000a\000n\002\033\000a\000\040\000E\000l\000i\000m\000i\000n\001\003\000r\000i\000i\000\040\000Z\000g\000o\000m\000o\000t\000u\000l\000u\000i\000\040\000d\000i\000n\000\040\000I\000m\000a\000g\000i\000n\000i}{section.1}% 2
\BOOKMARK [2][-]{subsection.1.2}{\376\377\000I\000s\000t\000o\000r\000i\000c}{section.1}% 3
\BOOKMARK [1][-]{section.2}{\376\377\000Z\000g\000o\000m\000o\000t\000u\000l\000\040\000i\000m\000a\000g\000i\000n\000i\000l\000o\000r\000\040\000d\000i\000g\000i\000t\000a\000l\000e}{}% 4
\BOOKMARK [2][-]{subsection.2.1}{\376\377\000C\000o\000n\000c\000e\000p\000t\000u\000l\000\040\000d\000e\000\040\000r\000e\000d\000u\000c\000e\000r\000e\000\040\000a\000l\000\040\000z\000g\000o\000m\000o\000t\000u\000l\000u\000i}{section.2}% 5
\BOOKMARK [2][-]{subsection.2.2}{\376\377\000Z\000g\000o\000m\000o\000t\000u\000l\000\040\000A\000d\000i\000t\000i\000v\000\040\000s\000i\000\040\000M\000u\000l\000t\000i\000p\000l\000i\000c\000a\000t\000i\000v}{section.2}% 6
\BOOKMARK [2][-]{subsection.2.3}{\376\377\000Z\000g\000o\000m\000o\000t\000u\000l\000\040\000G\000a\000u\000s\000s\000i\000a\000n}{section.2}% 7
\BOOKMARK [2][-]{subsection.2.4}{\376\377\000Z\000g\000o\000m\000o\000t\000u\000l\000\040\000S\000p\000e\000c\000k\000l\000e}{section.2}% 8
\BOOKMARK [2][-]{subsection.2.5}{\376\377\000Z\000g\000o\000m\000o\000t\000u\000l\000\040\000I\000m\000p\000u\000l\000s\000i\000v}{section.2}% 9
\BOOKMARK [2][-]{subsection.2.6}{\376\377\000A\000n\000a\000l\000i\000z\000a\000\040\000H\000i\000s\000t\000o\000g\000r\000a\000m\000e\000l\000o\000r\000\040\000p\000e\000n\000t\000r\000u\000\040\000D\000i\000v\000e\000r\000s\000e\000\040\000T\000i\000p\000u\000r\000i\000\040\000d\000e\000\040\000Z\000g\000o\000m\000o\000t}{section.2}% 10
\BOOKMARK [1][-]{section.3}{\376\377\000A\000l\000g\000o\000r\000i\000t\000m\000i\000\040\000d\000e\000\040\000r\000e\000d\000u\000c\000e\000r\000e\000\040\000a\000\040\000z\000g\000o\000m\000o\000t\000u\000l\000u\000i\000\040\000d\000i\000n\000\040\000i\000m\000a\000g\000i\000n\000i}{}% 11
\BOOKMARK [2][-]{subsection.3.1}{\376\377\000F\000i\000l\000t\000r\000a\000r\000e\000a\000\040\000S\000p\000a\002\033\000i\000a\000l\001\003}{section.3}% 12
\BOOKMARK [3][-]{subsubsection.3.1.1}{\376\377\000F\000i\000l\000t\000r\000e\000\040\000L\000i\000n\000i\000a\000r\000e}{subsection.3.1}% 13
\BOOKMARK [3][-]{subsubsection.3.1.2}{\376\377\000F\000i\000l\000t\000r\000e\000\040\000N\000o\000n\000-\000L\000i\000n\000i\000a\000r\000e}{subsection.3.1}% 14
\BOOKMARK [3][-]{subsubsection.3.1.3}{\376\377\000C\000o\000m\000p\000a\000r\000a\002\033\000i\000e\000\040\000\356\000n\000t\000r\000e\000\040\000F\000i\000l\000t\000r\000u\000l\000\040\000d\000e\000\040\000M\000e\000d\000i\000e\000\040\002\031\000i\000\040\000F\000i\000l\000t\000r\000u\000l\000\040\000M\000e\000d\000i\000a\000n\000\040\000a\000s\000u\000p\000r\000a\000\040\000d\000i\000f\000e\000r\000i\000t\000e\000l\000o\000r\000\040\000t\000i\000p\000u\000r\000i\000\040\000d\000e\000\040\000z\000g\000o\000m\000o\000t\000e}{subsection.3.1}% 15
\BOOKMARK [2][-]{subsection.3.2}{\376\377\000F\000i\000l\000t\000r\000a\000r\000e\000a\000\040\000p\000r\000i\000n\000\040\000T\000r\000a\000n\000s\000f\000o\000r\000m\000a\000r\000e\000a\000\040\000D\000o\000m\000e\000n\000i\000u\000l\000u\000i}{section.3}% 16
\BOOKMARK [3][-]{subsubsection.3.2.1}{\376\377\000F\000i\000l\000t\000r\000a\000r\000e\000a\000\040\000\356\000n\000\040\000D\000o\000m\000e\000n\000i\000u\000l\000\040\000F\000r\000e\000c\000v\000e\000n\002\033\000e\000i}{subsection.3.2}% 17
\BOOKMARK [3][-]{subsubsection.3.2.2}{\376\377\000F\000i\000l\000t\000r\000a\000r\000e\000a\000\040\000\356\000n\000\040\000D\000o\000m\000e\000n\000i\000u\000l\000\040\000W\000a\000v\000e\000l\000e\000t}{subsection.3.2}% 18
\BOOKMARK [1][-]{section.4}{\376\377\000R\000e\000s\000t\000i\000t\000u\000i\000r\000e\000a\000\040\000i\000m\000a\000g\000i\000n\000i\000l\000o\000r}{}% 19
\BOOKMARK [2][-]{subsection.4.1}{\376\377\000D\000e\000c\000o\000n\000v\000o\000l\000u\002\033\000i\000a\000\040\000W\000i\000e\000n\000e\000r}{section.4}% 20
\BOOKMARK [2][-]{subsection.4.2}{\376\377\000F\000i\000l\000t\000r\000u\000l\000\040\000C\000L\000S}{section.4}% 21
\BOOKMARK [1][-]{section.5}{\376\377\000R\000e\000c\000u\000p\000e\000r\000a\000r\000e\000a\000\040\000i\000m\000a\000g\000i\000n\000i\000l\000o\000r\000\040\000\356\000m\000b\001\003\000t\000r\000\342\000n\000i\000t\000e\000\040\000f\000o\000l\000s\000i\000n\000d\000\040\000R\000e\002\033\000e\000l\000e\000\040\000N\000e\000u\000r\000o\000n\000a\000l\000e}{}% 22
\BOOKMARK [1][-]{section.6}{\376\377\000C\000o\000n\000c\000l\000u\000z\000i\000e}{}% 23
